2019-06-07 13:50:14 =ERROR REPORT====
Error in process <0.11670.1> with exit value:
{#{'__exception__' => true,'__struct__' => 'Elixir.TokenMissingError',description => <<"missing terminator: end (for \"do\" starting at line 0)">>,file => <<"nofile">>,line => 12},[{'Elixir.ElixirLS.LanguageServer.Providers.DocumentSymbols',list_symbols,1,[{file,"lib/language_server/providers/document_symbols.ex"},{line,41}]},{'Elixir.ElixirLS.LanguageServer.Providers.DocumentSymbols',symbols,2,[{file,"lib/language_server/providers/document_symbols.ex"},{line,35}]},{'Elixir.ElixirLS.LanguageServer.Server','-handle_request_async/2-fun-0-',3,[{file,"lib/language_server/server.ex"},{line,425}]}]}
2019-06-07 13:59:07 =ERROR REPORT====
Error in process <0.12631.1> with exit value:
{{badmatch,{defmodule,[{line,0},{column,1}],nil}},[{'Elixir.ElixirLS.LanguageServer.Providers.DocumentSymbols',extract_module,1,[{file,"lib/language_server/providers/document_symbols.ex"},{line,51}]},{'Elixir.ElixirLS.LanguageServer.Providers.DocumentSymbols','-list_symbols/1-fun-0-',2,[{file,"lib/language_server/providers/document_symbols.ex"},{line,43}]},{'Elixir.Macro',traverse,4,[{file,"lib/macro.ex"},{line,247}]},{'Elixir.ElixirLS.LanguageServer.Providers.DocumentSymbols',list_symbols,1,[{file,"lib/language_server/providers/document_symbols.ex"},{line,42}]},{'Elixir.ElixirLS.LanguageServer.Providers.DocumentSymbols',symbols,2,[{file,"lib/language_server/providers/document_symbols.ex"},{line,35}]},{'Elixir.ElixirLS.LanguageServer.Server','-handle_request_async/2-fun-0-',3,[{file,"lib/language_server/server.ex"},{line,425}]}]}
2019-06-07 13:59:07 =ERROR REPORT====
Error in process <0.12633.1> with exit value:
{{badmatch,{defmodule,[{line,0},{column,1}],nil}},[{'Elixir.ElixirLS.LanguageServer.Providers.DocumentSymbols',extract_module,1,[{file,"lib/language_server/providers/document_symbols.ex"},{line,51}]},{'Elixir.ElixirLS.LanguageServer.Providers.DocumentSymbols','-list_symbols/1-fun-0-',2,[{file,"lib/language_server/providers/document_symbols.ex"},{line,43}]},{'Elixir.Macro',traverse,4,[{file,"lib/macro.ex"},{line,247}]},{'Elixir.ElixirLS.LanguageServer.Providers.DocumentSymbols',list_symbols,1,[{file,"lib/language_server/providers/document_symbols.ex"},{line,42}]},{'Elixir.ElixirLS.LanguageServer.Providers.DocumentSymbols',symbols,2,[{file,"lib/language_server/providers/document_symbols.ex"},{line,35}]},{'Elixir.ElixirLS.LanguageServer.Server','-handle_request_async/2-fun-0-',3,[{file,"lib/language_server/server.ex"},{line,425}]}]}
2019-06-07 13:59:10 =ERROR REPORT====
Error in process <0.12639.1> with exit value:
{{badmatch,{defmodule,[{line,0},{column,1}],[{'__aliases__',[{line,0},{column,11}],['Send']}]}},[{'Elixir.ElixirLS.LanguageServer.Providers.DocumentSymbols',extract_module,1,[{file,"lib/language_server/providers/document_symbols.ex"},{line,51}]},{'Elixir.ElixirLS.LanguageServer.Providers.DocumentSymbols','-list_symbols/1-fun-0-',2,[{file,"lib/language_server/providers/document_symbols.ex"},{line,43}]},{'Elixir.Macro',traverse,4,[{file,"lib/macro.ex"},{line,247}]},{'Elixir.ElixirLS.LanguageServer.Providers.DocumentSymbols',list_symbols,1,[{file,"lib/language_server/providers/document_symbols.ex"},{line,42}]},{'Elixir.ElixirLS.LanguageServer.Providers.DocumentSymbols',symbols,2,[{file,"lib/language_server/providers/document_symbols.ex"},{line,35}]},{'Elixir.ElixirLS.LanguageServer.Server','-handle_request_async/2-fun-0-',3,[{file,"lib/language_server/server.ex"},{line,425}]}]}
2019-06-07 13:59:12 =ERROR REPORT====
Error in process <0.12642.1> with exit value:
{#{'__exception__' => true,'__struct__' => 'Elixir.TokenMissingError',description => <<"missing terminator: end (for \"do\" starting at line 0)">>,file => <<"nofile">>,line => 0},[{'Elixir.ElixirLS.LanguageServer.Providers.DocumentSymbols',list_symbols,1,[{file,"lib/language_server/providers/document_symbols.ex"},{line,41}]},{'Elixir.ElixirLS.LanguageServer.Providers.DocumentSymbols',symbols,2,[{file,"lib/language_server/providers/document_symbols.ex"},{line,35}]},{'Elixir.ElixirLS.LanguageServer.Server','-handle_request_async/2-fun-0-',3,[{file,"lib/language_server/server.ex"},{line,425}]}]}
2019-06-07 13:59:30 =ERROR REPORT====
Error in process <0.12667.1> with exit value:
{#{'__exception__' => true,'__struct__' => 'Elixir.SyntaxError',description => <<"unexpected token: \":\" (column 6, codepoint U+003A)">>,file => <<"nofile">>,line => 2},[{'Elixir.ElixirLS.LanguageServer.Providers.DocumentSymbols',list_symbols,1,[{file,"lib/language_server/providers/document_symbols.ex"},{line,41}]},{'Elixir.ElixirLS.LanguageServer.Providers.DocumentSymbols',symbols,2,[{file,"lib/language_server/providers/document_symbols.ex"},{line,35}]},{'Elixir.ElixirLS.LanguageServer.Server','-handle_request_async/2-fun-0-',3,[{file,"lib/language_server/server.ex"},{line,425}]}]}
2019-06-07 13:59:35 =ERROR REPORT====
Error in process <0.12684.1> with exit value:
{#{'__exception__' => true,'__struct__' => 'Elixir.SyntaxError',description => <<"syntax error before: 'end'">>,file => <<"nofile">>,line => 3},[{'Elixir.ElixirLS.LanguageServer.Providers.DocumentSymbols',list_symbols,1,[{file,"lib/language_server/providers/document_symbols.ex"},{line,41}]},{'Elixir.ElixirLS.LanguageServer.Providers.DocumentSymbols',symbols,2,[{file,"lib/language_server/providers/document_symbols.ex"},{line,35}]},{'Elixir.ElixirLS.LanguageServer.Server','-handle_request_async/2-fun-0-',3,[{file,"lib/language_server/server.ex"},{line,425}]}]}
2019-06-07 13:59:37 =ERROR REPORT====
Error in process <0.12694.1> with exit value:
{#{'__exception__' => true,'__struct__' => 'Elixir.TokenMissingError',description => <<"missing terminator: end (for \"do\" starting at line 0)">>,file => <<"nofile">>,line => 4},[{'Elixir.ElixirLS.LanguageServer.Providers.DocumentSymbols',list_symbols,1,[{file,"lib/language_server/providers/document_symbols.ex"},{line,41}]},{'Elixir.ElixirLS.LanguageServer.Providers.DocumentSymbols',symbols,2,[{file,"lib/language_server/providers/document_symbols.ex"},{line,35}]},{'Elixir.ElixirLS.LanguageServer.Server','-handle_request_async/2-fun-0-',3,[{file,"lib/language_server/server.ex"},{line,425}]}]}
2019-06-07 13:59:42 =ERROR REPORT====
Error in process <0.12704.1> with exit value:
{#{'__exception__' => true,'__struct__' => 'Elixir.TokenMissingError',description => <<"missing terminator: end (for \"do\" starting at line 0)">>,file => <<"nofile">>,line => 4},[{'Elixir.ElixirLS.LanguageServer.Providers.DocumentSymbols',list_symbols,1,[{file,"lib/language_server/providers/document_symbols.ex"},{line,41}]},{'Elixir.ElixirLS.LanguageServer.Providers.DocumentSymbols',symbols,2,[{file,"lib/language_server/providers/document_symbols.ex"},{line,35}]},{'Elixir.ElixirLS.LanguageServer.Server','-handle_request_async/2-fun-0-',3,[{file,"lib/language_server/server.ex"},{line,425}]}]}
2019-06-07 13:59:48 =ERROR REPORT====
Error in process <0.12715.1> with exit value:
{#{'__exception__' => true,'__struct__' => 'Elixir.SyntaxError',description => <<"unexpected token: \":\" (column 6, codepoint U+003A)">>,file => <<"nofile">>,line => 3},[{'Elixir.ElixirLS.LanguageServer.Providers.DocumentSymbols',list_symbols,1,[{file,"lib/language_server/providers/document_symbols.ex"},{line,41}]},{'Elixir.ElixirLS.LanguageServer.Providers.DocumentSymbols',symbols,2,[{file,"lib/language_server/providers/document_symbols.ex"},{line,35}]},{'Elixir.ElixirLS.LanguageServer.Server','-handle_request_async/2-fun-0-',3,[{file,"lib/language_server/server.ex"},{line,425}]}]}
2019-06-07 13:59:58 =ERROR REPORT====
Error in process <0.12738.1> with exit value:
{#{'__exception__' => true,'__struct__' => 'Elixir.SyntaxError',description => <<"syntax error before: 'end'">>,file => <<"nofile">>,line => 4},[{'Elixir.ElixirLS.LanguageServer.Providers.DocumentSymbols',list_symbols,1,[{file,"lib/language_server/providers/document_symbols.ex"},{line,41}]},{'Elixir.ElixirLS.LanguageServer.Providers.DocumentSymbols',symbols,2,[{file,"lib/language_server/providers/document_symbols.ex"},{line,35}]},{'Elixir.ElixirLS.LanguageServer.Server','-handle_request_async/2-fun-0-',3,[{file,"lib/language_server/server.ex"},{line,425}]}]}
2019-06-07 14:00:03 =ERROR REPORT====
Error in process <0.12750.1> with exit value:
{#{'__exception__' => true,'__struct__' => 'Elixir.TokenMissingError',description => <<"missing terminator: end (for \"do\" starting at line 0)">>,file => <<"nofile">>,line => 5},[{'Elixir.ElixirLS.LanguageServer.Providers.DocumentSymbols',list_symbols,1,[{file,"lib/language_server/providers/document_symbols.ex"},{line,41}]},{'Elixir.ElixirLS.LanguageServer.Providers.DocumentSymbols',symbols,2,[{file,"lib/language_server/providers/document_symbols.ex"},{line,35}]},{'Elixir.ElixirLS.LanguageServer.Server','-handle_request_async/2-fun-0-',3,[{file,"lib/language_server/server.ex"},{line,425}]}]}
2019-06-07 14:00:39 =ERROR REPORT====
Error in process <0.12781.1> with exit value:
{#{'__exception__' => true,'__struct__' => 'Elixir.TokenMissingError',description => <<"missing terminator: end (for \"do\" starting at line 0)">>,file => <<"nofile">>,line => 6},[{'Elixir.ElixirLS.LanguageServer.Providers.DocumentSymbols',list_symbols,1,[{file,"lib/language_server/providers/document_symbols.ex"},{line,41}]},{'Elixir.ElixirLS.LanguageServer.Providers.DocumentSymbols',symbols,2,[{file,"lib/language_server/providers/document_symbols.ex"},{line,35}]},{'Elixir.ElixirLS.LanguageServer.Server','-handle_request_async/2-fun-0-',3,[{file,"lib/language_server/server.ex"},{line,425}]}]}
2019-06-07 14:00:43 =ERROR REPORT====
Error in process <0.12790.1> with exit value:
{#{'__exception__' => true,'__struct__' => 'Elixir.TokenMissingError',description => <<"missing terminator: end (for \"do\" starting at line 0)">>,file => <<"nofile">>,line => 6},[{'Elixir.ElixirLS.LanguageServer.Providers.DocumentSymbols',list_symbols,1,[{file,"lib/language_server/providers/document_symbols.ex"},{line,41}]},{'Elixir.ElixirLS.LanguageServer.Providers.DocumentSymbols',symbols,2,[{file,"lib/language_server/providers/document_symbols.ex"},{line,35}]},{'Elixir.ElixirLS.LanguageServer.Server','-handle_request_async/2-fun-0-',3,[{file,"lib/language_server/server.ex"},{line,425}]}]}
2019-06-07 14:00:53 =ERROR REPORT====
Error in process <0.12805.1> with exit value:
{#{'__exception__' => true,'__struct__' => 'Elixir.SyntaxError',description => <<"syntax error before: ')'">>,file => <<"nofile">>,line => 4},[{'Elixir.ElixirLS.LanguageServer.Providers.DocumentSymbols',list_symbols,1,[{file,"lib/language_server/providers/document_symbols.ex"},{line,41}]},{'Elixir.ElixirLS.LanguageServer.Providers.DocumentSymbols',symbols,2,[{file,"lib/language_server/providers/document_symbols.ex"},{line,35}]},{'Elixir.ElixirLS.LanguageServer.Server','-handle_request_async/2-fun-0-',3,[{file,"lib/language_server/server.ex"},{line,425}]}]}
2019-06-07 14:01:00 =ERROR REPORT====
Error in process <0.12820.1> with exit value:
{#{'__exception__' => true,'__struct__' => 'Elixir.TokenMissingError',description => <<"missing terminator: end (for \"do\" starting at line 0)">>,file => <<"nofile">>,line => 7},[{'Elixir.ElixirLS.LanguageServer.Providers.DocumentSymbols',list_symbols,1,[{file,"lib/language_server/providers/document_symbols.ex"},{line,41}]},{'Elixir.ElixirLS.LanguageServer.Providers.DocumentSymbols',symbols,2,[{file,"lib/language_server/providers/document_symbols.ex"},{line,35}]},{'Elixir.ElixirLS.LanguageServer.Server','-handle_request_async/2-fun-0-',3,[{file,"lib/language_server/server.ex"},{line,425}]}]}
2019-06-07 14:01:04 =ERROR REPORT====
Error in process <0.12829.1> with exit value:
{#{'__exception__' => true,'__struct__' => 'Elixir.TokenMissingError',description => <<"missing terminator: end (for \"do\" starting at line 0)">>,file => <<"nofile">>,line => 7},[{'Elixir.ElixirLS.LanguageServer.Providers.DocumentSymbols',list_symbols,1,[{file,"lib/language_server/providers/document_symbols.ex"},{line,41}]},{'Elixir.ElixirLS.LanguageServer.Providers.DocumentSymbols',symbols,2,[{file,"lib/language_server/providers/document_symbols.ex"},{line,35}]},{'Elixir.ElixirLS.LanguageServer.Server','-handle_request_async/2-fun-0-',3,[{file,"lib/language_server/server.ex"},{line,425}]}]}
2019-06-07 14:01:15 =ERROR REPORT====
Error in process <0.12842.1> with exit value:
{#{'__exception__' => true,'__struct__' => 'Elixir.SyntaxError',description => <<"syntax error before: ')'">>,file => <<"nofile">>,line => 5},[{'Elixir.ElixirLS.LanguageServer.Providers.DocumentSymbols',list_symbols,1,[{file,"lib/language_server/providers/document_symbols.ex"},{line,41}]},{'Elixir.ElixirLS.LanguageServer.Providers.DocumentSymbols',symbols,2,[{file,"lib/language_server/providers/document_symbols.ex"},{line,35}]},{'Elixir.ElixirLS.LanguageServer.Server','-handle_request_async/2-fun-0-',3,[{file,"lib/language_server/server.ex"},{line,425}]}]}
2019-06-07 14:01:20 =ERROR REPORT====
Error in process <0.12846.1> with exit value:
{#{'__exception__' => true,'__struct__' => 'Elixir.SyntaxError',description => <<"syntax error before: ')'">>,file => <<"nofile">>,line => 5},[{'Elixir.ElixirLS.LanguageServer.Providers.DocumentSymbols',list_symbols,1,[{file,"lib/language_server/providers/document_symbols.ex"},{line,41}]},{'Elixir.ElixirLS.LanguageServer.Providers.DocumentSymbols',symbols,2,[{file,"lib/language_server/providers/document_symbols.ex"},{line,35}]},{'Elixir.ElixirLS.LanguageServer.Server','-handle_request_async/2-fun-0-',3,[{file,"lib/language_server/server.ex"},{line,425}]}]}
2019-06-07 14:01:37 =ERROR REPORT====
Error in process <0.12852.1> with exit value:
{#{'__exception__' => true,'__struct__' => 'Elixir.SyntaxError',description => <<"syntax error before: ')'">>,file => <<"nofile">>,line => 5},[{'Elixir.ElixirLS.LanguageServer.Providers.DocumentSymbols',list_symbols,1,[{file,"lib/language_server/providers/document_symbols.ex"},{line,41}]},{'Elixir.ElixirLS.LanguageServer.Providers.DocumentSymbols',symbols,2,[{file,"lib/language_server/providers/document_symbols.ex"},{line,35}]},{'Elixir.ElixirLS.LanguageServer.Server','-handle_request_async/2-fun-0-',3,[{file,"lib/language_server/server.ex"},{line,425}]}]}
2019-06-07 14:02:43 =ERROR REPORT====
Error in process <0.12947.1> with exit value:
{#{'__exception__' => true,'__struct__' => 'Elixir.TokenMissingError',description => <<"missing terminator: end (for \"do\" starting at line 0)">>,file => <<"nofile">>,line => 10},[{'Elixir.ElixirLS.LanguageServer.Providers.DocumentSymbols',list_symbols,1,[{file,"lib/language_server/providers/document_symbols.ex"},{line,41}]},{'Elixir.ElixirLS.LanguageServer.Providers.DocumentSymbols',symbols,2,[{file,"lib/language_server/providers/document_symbols.ex"},{line,35}]},{'Elixir.ElixirLS.LanguageServer.Server','-handle_request_async/2-fun-0-',3,[{file,"lib/language_server/server.ex"},{line,425}]}]}
2019-06-07 14:02:49 =ERROR REPORT====
Error in process <0.12957.1> with exit value:
{#{'__exception__' => true,'__struct__' => 'Elixir.TokenMissingError',description => <<"missing terminator: end (for \"do\" starting at line 0)">>,file => <<"nofile">>,line => 10},[{'Elixir.ElixirLS.LanguageServer.Providers.DocumentSymbols',list_symbols,1,[{file,"lib/language_server/providers/document_symbols.ex"},{line,41}]},{'Elixir.ElixirLS.LanguageServer.Providers.DocumentSymbols',symbols,2,[{file,"lib/language_server/providers/document_symbols.ex"},{line,35}]},{'Elixir.ElixirLS.LanguageServer.Server','-handle_request_async/2-fun-0-',3,[{file,"lib/language_server/server.ex"},{line,425}]}]}
2019-06-07 14:49:41 =ERROR REPORT====
Error in process <0.15007.1> with exit value:
{#{'__exception__' => true,'__struct__' => 'Elixir.SyntaxError',description => <<"unexpected token: \"`\" (column 14, codepoint U+0060)">>,file => <<"nofile">>,line => 1},[{'Elixir.ElixirLS.LanguageServer.Providers.DocumentSymbols',list_symbols,1,[{file,"lib/language_server/providers/document_symbols.ex"},{line,41}]},{'Elixir.ElixirLS.LanguageServer.Providers.DocumentSymbols',symbols,2,[{file,"lib/language_server/providers/document_symbols.ex"},{line,35}]},{'Elixir.ElixirLS.LanguageServer.Server','-handle_request_async/2-fun-0-',3,[{file,"lib/language_server/server.ex"},{line,425}]}]}
2019-06-07 14:49:55 =ERROR REPORT====
Error in process <0.15016.1> with exit value:
{#{'__exception__' => true,'__struct__' => 'Elixir.RuntimeError',message => <<"Function definition has moved since suggestion was generated. Try again after file has been recompiled.">>},[{'Elixir.ElixirLS.LanguageServer.Providers.ExecuteCommand',execute,3,[{file,"lib/language_server/providers/execute_command.ex"},{line,37}]},{'Elixir.ElixirLS.LanguageServer.Server','-handle_request_async/2-fun-0-',3,[{file,"lib/language_server/server.ex"},{line,425}]}]}
2019-06-07 14:49:57 =ERROR REPORT====
Error in process <0.15018.1> with exit value:
{#{'__exception__' => true,'__struct__' => 'Elixir.RuntimeError',message => <<"Function definition has moved since suggestion was generated. Try again after file has been recompiled.">>},[{'Elixir.ElixirLS.LanguageServer.Providers.ExecuteCommand',execute,3,[{file,"lib/language_server/providers/execute_command.ex"},{line,37}]},{'Elixir.ElixirLS.LanguageServer.Server','-handle_request_async/2-fun-0-',3,[{file,"lib/language_server/server.ex"},{line,425}]}]}
2019-06-07 14:49:58 =ERROR REPORT====
Error in process <0.15019.1> with exit value:
{#{'__exception__' => true,'__struct__' => 'Elixir.RuntimeError',message => <<"Function definition has moved since suggestion was generated. Try again after file has been recompiled.">>},[{'Elixir.ElixirLS.LanguageServer.Providers.ExecuteCommand',execute,3,[{file,"lib/language_server/providers/execute_command.ex"},{line,37}]},{'Elixir.ElixirLS.LanguageServer.Server','-handle_request_async/2-fun-0-',3,[{file,"lib/language_server/server.ex"},{line,425}]}]}
2019-06-07 14:49:58 =ERROR REPORT====
Error in process <0.15020.1> with exit value:
{#{'__exception__' => true,'__struct__' => 'Elixir.RuntimeError',message => <<"Function definition has moved since suggestion was generated. Try again after file has been recompiled.">>},[{'Elixir.ElixirLS.LanguageServer.Providers.ExecuteCommand',execute,3,[{file,"lib/language_server/providers/execute_command.ex"},{line,37}]},{'Elixir.ElixirLS.LanguageServer.Server','-handle_request_async/2-fun-0-',3,[{file,"lib/language_server/server.ex"},{line,425}]}]}
2019-06-07 14:50:00 =ERROR REPORT====
Error in process <0.15023.1> with exit value:
{#{'__exception__' => true,'__struct__' => 'Elixir.RuntimeError',message => <<"Function definition has moved since suggestion was generated. Try again after file has been recompiled.">>},[{'Elixir.ElixirLS.LanguageServer.Providers.ExecuteCommand',execute,3,[{file,"lib/language_server/providers/execute_command.ex"},{line,37}]},{'Elixir.ElixirLS.LanguageServer.Server','-handle_request_async/2-fun-0-',3,[{file,"lib/language_server/server.ex"},{line,425}]}]}
2019-06-07 14:50:00 =ERROR REPORT====
Error in process <0.15024.1> with exit value:
{#{'__exception__' => true,'__struct__' => 'Elixir.RuntimeError',message => <<"Function definition has moved since suggestion was generated. Try again after file has been recompiled.">>},[{'Elixir.ElixirLS.LanguageServer.Providers.ExecuteCommand',execute,3,[{file,"lib/language_server/providers/execute_command.ex"},{line,37}]},{'Elixir.ElixirLS.LanguageServer.Server','-handle_request_async/2-fun-0-',3,[{file,"lib/language_server/server.ex"},{line,425}]}]}
2019-06-07 14:50:01 =ERROR REPORT====
Error in process <0.15025.1> with exit value:
{#{'__exception__' => true,'__struct__' => 'Elixir.RuntimeError',message => <<"Function definition has moved since suggestion was generated. Try again after file has been recompiled.">>},[{'Elixir.ElixirLS.LanguageServer.Providers.ExecuteCommand',execute,3,[{file,"lib/language_server/providers/execute_command.ex"},{line,37}]},{'Elixir.ElixirLS.LanguageServer.Server','-handle_request_async/2-fun-0-',3,[{file,"lib/language_server/server.ex"},{line,425}]}]}
